TN:
SF:src\split.js
FN:7,splitBill
FN:13,calculateTotalWithCharge
FN:18,saveHistory
FN:28,addTransaction
FN:50,getHistory
FN:60,(anonymous_5)
FNF:6
FNH:6
FNDA:5,splitBill
FNDA:4,calculateTotalWithCharge
FNDA:2,saveHistory
FNDA:2,addTransaction
FNDA:1,getHistory
FNDA:1,(anonymous_5)
DA:1,1
DA:3,1
DA:4,1
DA:5,1
DA:8,5
DA:9,4
DA:10,4
DA:14,4
DA:15,4
DA:19,2
DA:20,2
DA:21,2
DA:22,2
DA:24,2
DA:25,2
DA:29,2
DA:30,2
DA:32,2
DA:43,2
DA:45,2
DA:46,2
DA:47,2
DA:51,1
DA:52,0
DA:53,0
DA:56,1
DA:57,1
DA:59,1
DA:60,1
DA:61,1
DA:67,1
LF:31
LH:29
BRDA:7,0,0,1
BRDA:8,1,0,1
BRDA:8,1,1,4
BRDA:13,2,0,0
BRDA:13,3,0,0
BRDA:20,4,0,2
BRDA:20,4,1,0
BRDA:22,5,0,2
BRDA:22,5,1,0
BRDA:28,6,0,0
BRDA:28,7,0,0
BRDA:28,8,0,0
BRDA:51,9,0,0
BRDA:51,9,1,1
BRF:14
BRH:6
end_of_record
